#
# A fatal error has been detected by the Java Runtime Environment:
#
#  EXCEPTION_ACCESS_VIOLATION (0xc0000005) at pc=0x0000000051b02928, pid=5280, tid=0x0000000000002144
#
# JRE version: Java(TM) SE Runtime Environment (8.0_131-b11) (build 1.8.0_131-b11)
# Java VM: Java HotSpot(TM) 64-Bit Server VM (25.131-b11 mixed mode windows-amd64 compressed oops)
# Problematic frame:
# C  [jdwp.dll+0x22928]
#
# Failed to write core dump. Minidumps are not enabled by default on client versions of Windows
#
# If you would like to submit a bug report, please visit:
#   http://bugreport.java.com/bugreport/crash.jsp
# The crash happened outside the Java Virtual Machine in native code.
# See problematic frame for where to report the bug.
#

---------------  T H R E A D  ---------------

Current thread (0x000000001890a000):  JavaThread "JDWP Command Reader" daemon [_thread_in_native, id=8516, stack(0x00000000190f0000,0x00000000191f0000)]

siginfo: ExceptionCode=0xc0000005, reading address 0x0000000000000000

Registers:
RAX=0x0000000051b0f5a0, RBX=0x000000000000000c, RCX=0x0000000000000000, RDX=0x0000000000000028
RSP=0x00000000191ef590, RBP=0x00000000191ef800, RSI=0x0000000000000004, RDI=0x0000000051aa33c0
R8 =0x00000000191ef5f8, R9 =0x7efefefefefeff6b, R10=0x81010101010100f8, R11=0x8101010101010100
R12=0x0000000051b091d8, R13=0x000000001890bc58, R14=0x0000000000000000, R15=0x0000000000000000
RIP=0x0000000051b02928, EFLAGS=0x0000000000010206

Top of Stack: (sp=0x00000000191ef590)
0x00000000191ef590:   00000000191ef5b8 0000000000000018
0x00000000191ef5a0:   0000000000000000 0000000000000000
0x00000000191ef5b0:   0000000000002714 0000000051aa23c0
0x00000000191ef5c0:   0000000000000001 0000000000000020
0x00000000191ef5d0:   0000000000000000 0000000000000240
0x00000000191ef5e0:   0000000051aa33c0 0000000051aa108e
0x00000000191ef5f0:   000000000000000c 000000000087fba0
0x00000000191ef600:   0000000000000004 00000000c0000120
0x00000000191ef610:   7075727265746e49 636e756620646574
0x00000000191ef620:   6c6163206e6f6974 000000000000006c
0x00000000191ef630:   0000000000000000 0000000000000328
0x00000000191ef640:   000000001890bc58 0000000051b091d8
0x00000000191ef650:   000000000087bd00 00007fff64882788
0x00000000191ef660:   0000000000000328 000000000086c780
0x00000000191ef670:   00007fff622c6850 00000000191ef6b4
0x00000000191ef680:   00000000191ef718 0000000000000000 

Instructions: (pc=0x0000000051b02928)
0x0000000051b02908:   83 ec 50 48 63 d1 85 c9 75 07 33 c0 e9 84 00 00
0x0000000051b02918:   00 48 8b 05 c8 d3 00 00 4c 8d 44 24 68 48 8b 08
0x0000000051b02928:   48 8b 01 ff 90 68 01 00 00 8b f8 85 c0 74 61 8b
0x0000000051b02938:   c8 e8 72 ca fe ff 48 8b d8 ff 15 e9 48 00 00 c7 


Register to memory mapping:

RAX=0x0000000051b0f5a0 is an unknown value
RBX=0x000000000000000c is an unknown value
RCX=0x0000000000000000 is an unknown value
RDX=0x0000000000000028 is an unknown value
RSP=0x00000000191ef590 is pointing into the stack for thread: 0x000000001890a000
RBP=0x00000000191ef800 is pointing into the stack for thread: 0x000000001890a000
RSI=0x0000000000000004 is an unknown value
RDI=0x0000000051aa33c0 is an unknown value
R8 =0x00000000191ef5f8 is pointing into the stack for thread: 0x000000001890a000
R9 =0x7efefefefefeff6b is an unknown value
R10=0x81010101010100f8 is an unknown value
R11=0x8101010101010100 is an unknown value
R12=0x0000000051b091d8 is an unknown value
R13=0x000000001890bc58 is an unknown value
R14=0x0000000000000000 is an unknown value
R15=0x0000000000000000 is an unknown value


Stack: [0x00000000190f0000,0x00000000191f0000],  sp=0x00000000191ef590,  free space=1021k
Native frames: (J=compiled Java code, j=interpreted, Vv=VM code, C=native code)
C  [jdwp.dll+0x22928]
C  [dt_socket.dll+0x108e]
C  [dt_socket.dll+0x15f6]
C  [jdwp.dll+0x1fad1]
C  [jdwp.dll+0xed38]
V  [jvm.dll+0x1bda28]
V  [jvm.dll+0x24537f]
V  [jvm.dll+0x29cc1a]
C  [msvcr100.dll+0x21d9f]
C  [msvcr100.dll+0x21e3b]
C  [KERNEL32.DLL+0x13d2]
C  [ntdll.dll+0x703c4]


---------------  P R O C E S S  ---------------

Java Threads: ( => current thread )
  0x0000000018994800 JavaThread "Service Thread" daemon [_thread_blocked, id=7528, stack(0x00000000194f0000,0x00000000195f0000)]
  0x0000000018921000 JavaThread "C1 CompilerThread2" daemon [_thread_blocked, id=8168, stack(0x00000000193f0000,0x00000000194f0000)]
  0x000000001891e000 JavaThread "C2 CompilerThread1" daemon [_thread_blocked, id=6140, stack(0x00000000192f0000,0x00000000193f0000)]
  0x0000000018918000 JavaThread "C2 CompilerThread0" daemon [_thread_blocked, id=3652, stack(0x00000000191f0000,0x00000000192f0000)]
=>0x000000001890a000 JavaThread "JDWP Command Reader" daemon [_thread_in_native, id=8516, stack(0x00000000190f0000,0x00000000191f0000)]
  0x0000000018906800 JavaThread "JDWP Event Helper Thread" daemon [_thread_blocked, id=7684, stack(0x0000000018ff0000,0x00000000190f0000)]
  0x00000000188fc000 JavaThread "JDWP Transport Listener: dt_socket" daemon [_thread_blocked, id=6792, stack(0x0000000018ef0000,0x0000000018ff0000)]
  0x000000001720e000 JavaThread "Attach Listener" daemon [_thread_blocked, id=9212, stack(0x0000000018df0000,0x0000000018ef0000)]
  0x00000000171f8800 JavaThread "Signal Dispatcher" daemon [_thread_blocked, id=9956, stack(0x0000000018cf0000,0x0000000018df0000)]
  0x00000000171e8800 JavaThread "Finalizer" daemon [_thread_blocked, id=8452, stack(0x0000000018460000,0x0000000018560000)]
  0x00000000026c1000 JavaThread "Reference Handler" daemon [_thread_blocked, id=8888, stack(0x0000000018360000,0x0000000018460000)]

Other Threads:
  0x00000000171c7000 VMThread [stack: 0x0000000018260000,0x0000000018360000] [id=5460]

VM state:at safepoint (normal execution)

VM Mutex/Monitor currently owned by a thread:  ([mutex/lock_event])
[0x000000000097cc40] Threads_lock - owner thread: 0x00000000171c7000
[0x000000000097cf40] Heap_lock - owner thread: 0x000000000097d800

Heap:
 PSYoungGen      total 38400K, used 3328K [0x00000000d5f00000, 0x00000000d8980000, 0x0000000100000000)
  eden space 33280K, 10% used [0x00000000d5f00000,0x00000000d62401c8,0x00000000d7f80000)
  from space 5120K, 0% used [0x00000000d8480000,0x00000000d8480000,0x00000000d8980000)
  to   space 5120K, 0% used [0x00000000d7f80000,0x00000000d7f80000,0x00000000d8480000)
 ParOldGen       total 87552K, used 0K [0x0000000081c00000, 0x0000000087180000, 0x00000000d5f00000)
  object space 87552K, 0% used [0x0000000081c00000,0x0000000081c00000,0x0000000087180000)
 Metaspace       used 2692K, capacity 4486K, committed 4864K, reserved 1056768K
  class space    used 288K, capacity 386K, committed 512K, reserved 1048576K

Card table byte_map: [0x0000000011a90000,0x0000000011e90000] byte_map_base: 0x0000000011682000

Marking Bits: (ParMarkBitMap*) 0x0000000077f7c720
 Begin Bits: [0x0000000012540000, 0x00000000144d0000)
 End Bits:   [0x00000000144d0000, 0x0000000016460000)

Polling page: 0x0000000000980000

CodeCache: size=245760Kb used=1108Kb max_used=1108Kb free=244652Kb
 bounds [0x00000000026d0000, 0x0000000002940000, 0x00000000116d0000]
 total_blobs=256 nmethods=30 adapters=148
 compilation: enabled

Compilation events (10 events):
Event: 0.236 Thread 0x0000000018921000   26  s    3       java.lang.StringBuffer::append (13 bytes)
Event: 0.236 Thread 0x0000000018921000 nmethod 26 0x00000000027e3610 code [0x00000000027e37c0, 0x00000000027e3ef8]
Event: 0.237 Thread 0x0000000018921000   27       3       java.lang.String::indexOf (7 bytes)
Event: 0.237 Thread 0x0000000018921000 nmethod 27 0x00000000027e31d0 code [0x00000000027e3340, 0x00000000027e3568]
Event: 0.237 Thread 0x0000000018921000   28       3       java.lang.AbstractStringBuilder::append (50 bytes)
Event: 0.237 Thread 0x0000000018921000 nmethod 28 0x00000000027e2590 code [0x00000000027e2760, 0x00000000027e2eb8]
Event: 0.244 Thread 0x0000000018921000   29       3       java.lang.StringBuilder::append (8 bytes)
Event: 0.244 Thread 0x0000000018921000 nmethod 29 0x00000000027e4fd0 code [0x00000000027e5140, 0x00000000027e52e8]
Event: 0.244 Thread 0x0000000018921000   30       3       java.lang.System::getSecurityManager (4 bytes)
Event: 0.244 Thread 0x0000000018921000 nmethod 30 0x00000000027e5390 code [0x00000000027e54e0, 0x00000000027e5610]

GC Heap History (0 events):
No events

Deoptimization events (0 events):
No events

Internal exceptions (2 events):
Event: 0.041 Thread 0x000000000097d800 Exception <a 'java/lang/NoSuchMethodError': Method sun.misc.Unsafe.defineClass(Ljava/lang/String;[BII)Ljava/lang/Class; name or signature does not match> (0x00000000d5f07ca8) thrown at [C:\re\workspace\8-2-build-windows-amd64-cygwin\jdk8u131\8869\hotspot\
Event: 0.041 Thread 0x000000000097d800 Exception <a 'java/lang/NoSuchMethodError': Method sun.misc.Unsafe.prefetchRead(Ljava/lang/Object;J)V name or signature does not match> (0x00000000d5f07f90) thrown at [C:\re\workspace\8-2-build-windows-amd64-cygwin\jdk8u131\8869\hotspot\src\share\vm\prims

Events (10 events):
Event: 2924.112 Executing VM operation: GetOrSetLocal done
Event: 2924.113 Executing VM operation: GetOrSetLocal
Event: 2924.113 Executing VM operation: GetOrSetLocal done
Event: 2940.893 Thread 0x000000000097d800 Thread exited: 0x000000000097d800
Event: 2940.893 Thread 0x000000000097d800 Thread added: 0x000000000097d800
Event: 2940.893 loading class java/lang/Shutdown
Event: 2940.893 loading class java/lang/Shutdown done
Event: 2940.893 loading class java/lang/Shutdown$Lock
Event: 2940.893 loading class java/lang/Shutdown$Lock done
Event: 2940.894 Thread 0x000000000097d800 Thread exited: 0x000000000097d800


Dynamic libraries:
0x00007ff7557d0000 - 0x00007ff755807000 	C:\Program Files\Java\jdk1.8.0_131\bin\javaw.exe
0x00007fff65980000 - 0x00007fff65b2c000 	C:\WINDOWS\SYSTEM32\ntdll.dll
0x00007fff64af0000 - 0x00007fff64c2e000 	C:\WINDOWS\system32\KERNEL32.DLL
0x00007fff62de0000 - 0x00007fff62ef5000 	C:\WINDOWS\system32\KERNELBASE.dll
0x00007fff61670000 - 0x00007fff616fe000 	C:\WINDOWS\system32\apphelp.dll
0x00007fff403f0000 - 0x00007fff40443000 	C:\WINDOWS\AppPatch\AppPatch64\AcGenral.DLL
0x00007fff64a40000 - 0x00007fff64aea000 	C:\WINDOWS\system32\msvcrt.dll
0x00007fff628a0000 - 0x00007fff628ce000 	C:\WINDOWS\SYSTEM32\SspiCli.dll
0x00007fff654b0000 - 0x00007fff65504000 	C:\WINDOWS\system32\SHLWAPI.dll
0x00007fff64e70000 - 0x00007fff64fe7000 	C:\WINDOWS\system32\USER32.dll
0x00007fff65730000 - 0x00007fff658c4000 	C:\WINDOWS\system32\ole32.dll
0x00007fff63360000 - 0x00007fff64879000 	C:\WINDOWS\system32\SHELL32.dll
0x00007fff62170000 - 0x00007fff62191000 	C:\WINDOWS\SYSTEM32\USERENV.dll
0x00007fff658d0000 - 0x00007fff6597a000 	C:\WINDOWS\system32\ADVAPI32.dll
0x00007fff52a00000 - 0x00007fff52a1e000 	C:\WINDOWS\SYSTEM32\MPR.dll
0x00007fff63160000 - 0x00007fff632a1000 	C:\WINDOWS\system32\RPCRT4.dll
0x00007fff65440000 - 0x00007fff65499000 	C:\WINDOWS\SYSTEM32\sechost.dll
0x00007fff65510000 - 0x00007fff65721000 	C:\WINDOWS\SYSTEM32\combase.dll
0x00007fff648e0000 - 0x00007fff64a31000 	C:\WINDOWS\system32\GDI32.dll
0x00007fff62ad0000 - 0x00007fff62ae5000 	C:\WINDOWS\SYSTEM32\profapi.dll
0x00007fff61040000 - 0x00007fff610f2000 	C:\WINDOWS\SYSTEM32\SHCORE.dll
0x00007fff63320000 - 0x00007fff63356000 	C:\WINDOWS\system32\IMM32.DLL
0x00007fff63000000 - 0x00007fff63153000 	C:\WINDOWS\system32\MSCTF.dll
0x00007fff60790000 - 0x00007fff60a0b000 	C:\WINDOWS\WinSxS\amd64_microsoft.windows.common-controls_6595b64144ccf1df_6.0.9600.17415_none_6240486fecbd8abb\COMCTL32.dll
0x0000000051b60000 - 0x0000000051c32000 	C:\Program Files\Java\jdk1.8.0_131\jre\bin\msvcr100.dll
0x0000000077760000 - 0x0000000077ffc000 	C:\Program Files\Java\jdk1.8.0_131\jre\bin\server\jvm.dll
0x00007fff4cb20000 - 0x00007fff4cb29000 	C:\WINDOWS\SYSTEM32\WSOCK32.dll
0x00007fff60040000 - 0x00007fff60062000 	C:\WINDOWS\SYSTEM32\WINMM.dll
0x00007fff60540000 - 0x00007fff6054a000 	C:\WINDOWS\SYSTEM32\VERSION.dll
0x00007fff64e40000 - 0x00007fff64e47000 	C:\WINDOWS\system32\PSAPI.DLL
0x00007fff64880000 - 0x00007fff648da000 	C:\WINDOWS\system32\WS2_32.dll
0x00007fff5fde0000 - 0x00007fff5fe0a000 	C:\WINDOWS\SYSTEM32\WINMMBASE.dll
0x00007fff654a0000 - 0x00007fff654a9000 	C:\WINDOWS\system32\NSI.dll
0x00007fff62f00000 - 0x00007fff62f4f000 	C:\WINDOWS\SYSTEM32\cfgmgr32.dll
0x00007fff618f0000 - 0x00007fff61918000 	C:\WINDOWS\SYSTEM32\DEVOBJ.dll
0x0000000051b50000 - 0x0000000051b5f000 	C:\Program Files\Java\jdk1.8.0_131\jre\bin\verify.dll
0x0000000051b20000 - 0x0000000051b49000 	C:\Program Files\Java\jdk1.8.0_131\jre\bin\java.dll
0x0000000051ae0000 - 0x0000000051b15000 	C:\Program Files\Java\jdk1.8.0_131\jre\bin\jdwp.dll
0x0000000051ad0000 - 0x0000000051ad8000 	C:\Program Files\Java\jdk1.8.0_131\jre\bin\npt.dll
0x0000000051ab0000 - 0x0000000051ac6000 	C:\Program Files\Java\jdk1.8.0_131\jre\bin\zip.dll
0x0000000051aa0000 - 0x0000000051aa9000 	C:\Program Files\Java\jdk1.8.0_131\jre\bin\dt_socket.dll
0x00007fff52b00000 - 0x00007fff52b15000 	C:\WINDOWS\system32\napinsp.dll
0x00007fff52b20000 - 0x00007fff52b3a000 	C:\WINDOWS\system32\pnrpnsp.dll
0x00007fff5e790000 - 0x00007fff5e7ab000 	C:\WINDOWS\system32\NLAapi.dll
0x00007fff622c0000 - 0x00007fff62319000 	C:\WINDOWS\System32\mswsock.dll
0x00007fff621a0000 - 0x00007fff62244000 	C:\WINDOWS\SYSTEM32\DNSAPI.dll
0x00007fff59bd0000 - 0x00007fff59bdd000 	C:\WINDOWS\System32\winrnr.dll
0x00007fff52c20000 - 0x00007fff52c34000 	C:\WINDOWS\system32\wshbth.dll
0x00007fff5c6f0000 - 0x00007fff5c75b000 	C:\WINDOWS\System32\fwpuclnt.dll
0x00007fff536b0000 - 0x00007fff536ba000 	C:\Windows\System32\rasadhlp.dll
0x00007fff57080000 - 0x00007fff5720a000 	C:\WINDOWS\SYSTEM32\dbghelp.dll

VM Arguments:
jvm_args: -agentlib:jdwp=transport=dt_socket,suspend=y,address=localhost:38114 -Dfile.encoding=MS950 
java_command: J001
java_class_path (initial): D:\eclipse\Documents\workspace\J001\bin
Launcher Type: SUN_STANDARD

Environment Variables:
PATH=C:\Program Files\Java\jdk1.8.0_131\jre\bin;C:/Program Files/Java/jre1.8.0_131/bin/server;C:/Program Files/Java/jre1.8.0_131/bin;C:/Program Files/Java/jre1.8.0_131/lib/amd64;C:\ProgramData\Oracle\Java\javapath;C:\Program Files\Java\jdk1.8.0_131\bin;C:\WINDOWS\system32;C:\WINDOWS;C:\WINDOWS\System32\Wbem;C:\WINDOWS\System32\WindowsPowerShell\v1.0\;C:\Program Files\Git\cmd;D:\eclipse;
USERNAME=user
OS=Windows_NT
PROCESSOR_IDENTIFIER=Intel64 Family 6 Model 58 Stepping 9, GenuineIntel



---------------  S Y S T E M  ---------------

OS: Windows 8.1 , 64 bit Build 9600 (6.3.9600.17415)

CPU:total 4 (initial active 4) (2 cores per cpu, 2 threads per core) family 6 model 58 stepping 9, cmov, cx8, fxsr, mmx, sse, sse2, sse3, ssse3, sse4.1, sse4.2, popcnt, avx, aes, clmul, erms, ht, tsc, tscinvbit, tscinv

Memory: 4k page, physical 8271348k(4006876k free), swap 9582068k(3322956k free)

vm_info: Java HotSpot(TM) 64-Bit Server VM (25.131-b11) for windows-amd64 JRE (1.8.0_131-b11), built on Mar 15 2017 01:23:53 by "java_re" with MS VC++ 10.0 (VS2010)

time: Tue Jul 04 09:52:27 2017
elapsed time: 2941 seconds (0d 0h 49m 1s)

